SF:lib\app\modules\user\create-user\presenter\controller\create_user_controller.dart
DA:16,2
DA:33,2
DA:35,2
DA:36,8
DA:37,2
DA:38,10
DA:41,2
DA:42,2
DA:44,2
DA:45,2
DA:47,2
DA:48,2
DA:50,1
DA:52,1
DA:53,2
DA:58,1
DA:60,1
DA:61,2
DA:62,1
DA:63,2
LF:20
LH:20
end_of_record
SF:lib\app\modules\user\create-user\presenter\controller\create_user_controller.g.dart
DA:12,2
DA:13,4
DA:15,2
DA:17,4
DA:18,2
DA:21,2
DA:23,8
DA:24,2
DA:28,2
DA:29,4
DA:31,2
DA:33,4
DA:34,2
DA:37,2
DA:39,8
DA:40,2
DA:47,0
DA:49,0
DA:50,0
DA:53,0
DA:55,0
DA:56,0
DA:63,0
DA:65,0
DA:66,0
DA:69,0
DA:71,0
DA:72,0
DA:76,2
DA:77,4
DA:79,2
DA:81,4
DA:82,2
DA:85,2
DA:87,8
DA:88,2
DA:92,2
DA:93,4
DA:95,2
DA:97,8
DA:100,2
DA:101,4
DA:103,2
DA:105,4
DA:108,2
DA:110,4
DA:114,2
DA:116,4
DA:119,2
DA:121,4
DA:125,2
DA:127,4
DA:130,2
DA:132,4
DA:136,1
DA:138,2
DA:141,1
DA:143,2
DA:147,1
DA:149,2
DA:152,1
DA:154,2
DA:158,0
DA:161,0
DA:162,0
DA:163,0
DA:164,0
DA:165,0
DA:166,0
LF:69
LH:50
end_of_record
SF:lib\app\modules\user\create-user\presenter\ui\states\create_user_state.dart
DA:7,21
DA:11,20
DA:16,2
DA:21,2
LF:4
LH:4
end_of_record
SF:lib\generated\l10n.dart
DA:16,18
DA:20,15
DA:21,15
DA:28,18
DA:29,18
DA:30,0
DA:31,18
DA:32,18
DA:33,54
DA:34,18
DA:35,18
DA:42,5
DA:43,5
DA:44,5
DA:49,5
DA:50,5
DA:54,0
DA:55,0
DA:57,0
DA:65,0
DA:70,1
DA:71,1
DA:75,1
DA:80,1
DA:81,1
DA:85,1
DA:90,1
DA:91,1
DA:95,1
DA:100,1
DA:101,1
DA:105,1
DA:110,2
DA:111,2
DA:115,2
DA:120,2
DA:121,2
DA:125,2
DA:130,3
DA:131,3
DA:135,3
DA:140,2
DA:141,2
DA:145,2
DA:150,2
DA:151,2
DA:155,2
DA:160,3
DA:161,3
DA:165,3
DA:170,3
DA:171,3
DA:175,3
DA:180,0
DA:181,0
DA:185,0
DA:190,2
DA:191,2
DA:195,2
DA:200,0
DA:201,0
DA:205,0
DA:210,1
DA:211,1
DA:212,1
DA:215,1
DA:220,1
DA:221,1
DA:225,1
DA:230,1
DA:231,1
DA:235,1
DA:240,1
DA:241,1
DA:245,1
DA:250,1
DA:251,1
DA:255,1
DA:260,1
DA:261,1
DA:265,1
DA:270,1
DA:271,1
DA:275,1
DA:280,1
DA:281,1
DA:282,1
DA:285,1
DA:290,1
DA:291,1
DA:292,1
DA:295,1
DA:300,1
DA:301,1
DA:302,1
DA:305,1
DA:310,0
DA:311,0
DA:315,0
DA:320,13
DA:321,13
DA:322,13
DA:325,13
DA:330,0
DA:331,0
DA:332,0
DA:335,0
DA:341,20
DA:343,5
DA:350,5
DA:351,5
DA:352,5
DA:353,5
DA:354,0
DA:357,5
DA:358,10
DA:359,15
LF:117
LH:98
end_of_record
SF:lib\shared\domain\enums\state_enum.dart
DA:12,0
DA:13,0
LF:2
LH:0
end_of_record
SF:lib\shared\domain\usecases\create_user_usecase.dart
DA:16,1
DA:18,1
DA:20,3
LF:3
LH:3
end_of_record
SF:lib\shared\helpers\errors\errors.dart
DA:6,14
DA:10,1
DA:11,3
DA:15,0
DA:19,13
DA:20,39
DA:24,0
DA:25,0
LF:8
LH:5
end_of_record
SF:lib\shared\infra\models\user_model.dart
DA:5,17
DA:11,2
DA:12,2
DA:13,2
DA:14,2
DA:15,2
DA:17,10
DA:20,1
DA:21,4
DA:24,1
DA:25,1
DA:26,2
DA:27,1
DA:31,2
DA:32,2
DA:33,2
DA:34,2
DA:38,0
DA:39,0
DA:42,0
DA:48,0
DA:49,0
DA:50,0
DA:51,0
DA:52,0
LF:25
LH:17
end_of_record
SF:lib\shared\domain\entities\user.dart
DA:12,18
DA:18,36
DA:19,1
DA:21,36
DA:22,1
DA:26,18
DA:27,36
DA:33,18
DA:34,18
DA:37,18
LF:10
LH:10
end_of_record
SF:lib\generated\intl\messages_all.dart
DA:23,54
DA:24,36
DA:25,0
DA:28,18
DA:30,18
DA:31,18
DA:32,0
DA:33,0
DA:40,18
DA:41,18
DA:42,54
DA:43,0
DA:45,0
DA:47,36
DA:48,18
DA:49,54
DA:50,36
DA:51,18
DA:54,18
DA:56,18
DA:62,18
DA:64,18
DA:66,18
LF:23
LH:18
end_of_record
SF:lib\generated\intl\messages_en.dart
DA:16,54
DA:21,0
DA:23,1
DA:24,1
DA:26,0
DA:28,26
DA:30,0
DA:35,0
DA:37,1
DA:38,1
DA:40,1
DA:41,1
DA:43,1
DA:44,1
DA:47,36
DA:49,18
DA:51,18
DA:52,18
DA:53,18
DA:56,18
DA:58,18
DA:60,18
DA:62,18
DA:63,18
DA:64,18
DA:66,18
DA:68,18
DA:70,18
DA:72,18
DA:74,18
DA:75,18
DA:77,18
DA:80,18
DA:82,18
DA:88,18
DA:89,18
LF:36
LH:32
end_of_record
SF:lib\generated\intl\messages_pt_BR.dart
DA:16,0
DA:21,0
DA:23,0
DA:24,0
DA:26,0
DA:27,0
DA:29,0
DA:31,0
DA:36,0
DA:38,0
DA:39,0
DA:41,0
DA:42,0
DA:44,0
DA:45,0
DA:48,0
DA:50,0
DA:52,0
DA:53,0
DA:54,0
DA:57,0
DA:59,0
DA:60,0
DA:63,0
DA:64,0
DA:65,0
DA:67,0
DA:69,0
DA:71,0
DA:73,0
DA:75,0
DA:76,0
DA:78,0
DA:81,0
DA:83,0
DA:89,0
DA:90,0
LF:37
LH:0
end_of_record
SF:lib\app\modules\user\delete-user\presenter\controller\delete_user_controller.g.dart
DA:12,2
DA:13,4
DA:15,2
DA:17,4
DA:18,2
DA:21,2
DA:23,8
DA:24,2
DA:28,2
DA:29,4
DA:31,2
DA:33,4
DA:34,2
DA:37,2
DA:39,8
DA:40,2
DA:44,2
DA:45,4
DA:47,2
DA:49,8
DA:52,2
DA:53,4
DA:55,2
DA:57,4
DA:60,2
DA:62,4
DA:66,2
DA:68,4
DA:71,2
DA:73,4
DA:77,0
DA:79,0
DA:82,0
DA:84,0
DA:88,0
DA:91,0
DA:92,0
DA:93,0
LF:38
LH:30
end_of_record
SF:lib\app\modules\user\delete-user\presenter\controller\delete_user_controller.dart
DA:15,2
DA:23,2
DA:24,2
DA:26,2
DA:27,2
DA:29,0
DA:31,0
DA:32,0
DA:33,0
DA:34,0
DA:39,2
DA:41,2
DA:42,6
DA:43,2
DA:44,10
LF:15
LH:10
end_of_record
SF:lib\app\modules\user\delete-user\presenter\ui\states\delete_user_state.dart
DA:7,17
DA:11,16
DA:16,2
DA:21,2
LF:4
LH:4
end_of_record
SF:lib\shared\domain\usecases\delete_user_usecase.dart
DA:14,1
DA:16,1
DA:18,2
LF:3
LH:3
end_of_record
SF:lib\shared\helpers\services\http_service.dart
DA:9,1
DA:14,1
DA:15,4
DA:18,1
DA:19,4
DA:22,1
DA:23,4
DA:26,1
DA:28,1
DA:29,0
DA:30,0
DA:34,0
DA:35,0
DA:36,0
DA:37,0
DA:38,0
DA:43,0
DA:44,0
DA:48,0
DA:50,0
DA:51,0
DA:52,0
DA:54,0
LF:23
LH:9
end_of_record
SF:lib\app\modules\user\create-user\create_user_module.dart
DA:9,1
DA:10,2
DA:12,1
DA:13,1
DA:14,1
DA:15,0
DA:16,1
DA:17,3
DA:19,0
DA:20,0
DA:21,0
DA:22,0
DA:23,0
LF:13
LH:7
end_of_record
SF:lib\app\modules\user\create-user\presenter\ui\pages\create_user_page.dart
DA:18,17
DA:20,1
DA:21,1
DA:28,1
DA:29,1
DA:31,1
DA:32,1
DA:34,2
DA:35,5
DA:36,1
DA:41,1
DA:42,1
DA:44,1
DA:45,1
DA:47,5
DA:48,5
DA:49,1
DA:54,1
DA:56,1
DA:57,1
DA:58,1
DA:59,2
DA:60,1
DA:62,1
DA:63,1
DA:65,2
DA:68,1
DA:69,1
DA:71,3
DA:72,2
DA:73,2
DA:75,1
DA:76,2
DA:77,1
DA:78,2
DA:83,2
DA:84,1
DA:85,1
DA:86,1
DA:87,1
DA:88,1
DA:89,2
DA:90,2
DA:91,2
DA:92,2
DA:94,1
DA:95,2
DA:96,2
DA:97,2
DA:98,2
DA:101,1
DA:103,1
DA:104,0
DA:105,0
DA:106,0
DA:109,3
DA:110,0
DA:111,0
DA:113,1
DA:114,2
DA:115,1
DA:116,1
DA:117,1
DA:118,2
LF:64
LH:59
end_of_record
SF:lib\app\modules\user\user_module.dart
DA:20,4
DA:21,4
DA:22,4
DA:24,4
DA:25,4
DA:26,4
DA:28,4
DA:30,4
DA:31,0
DA:34,0
DA:35,0
DA:36,0
DA:37,0
DA:38,0
DA:40,0
DA:42,0
DA:44,0
DA:46,0
DA:48,0
DA:50,0
DA:52,0
DA:54,0
LF:22
LH:8
end_of_record
SF:lib\shared\themes\app_colors.dart
DA:4,4
DA:5,0
DA:6,4
DA:7,4
DA:8,4
LF:5
LH:4
end_of_record
SF:lib\shared\widgets\logo_widget.dart
DA:6,80
DA:8,5
DA:10,5
DA:11,10
DA:12,5
DA:14,10
LF:6
LH:6
end_of_record
SF:lib\shared\helpers\utils\screen_helper.dart
DA:4,15
DA:5,15
DA:6,0
LF:3
LH:2
end_of_record
SF:lib\shared\widgets\footer_widget.dart
DA:6,80
DA:8,5
DA:10,5
DA:12,5
DA:15,20
DA:17,10
LF:6
LH:6
end_of_record
SF:lib\shared\widgets\text_field_widget.dart
DA:11,4
DA:19,4
DA:21,4
DA:23,4
DA:25,4
DA:26,4
DA:27,4
DA:28,12
DA:30,4
DA:32,4
DA:33,12
DA:34,4
DA:35,4
DA:36,4
DA:37,4
DA:39,4
DA:40,4
DA:42,4
DA:43,4
DA:44,8
DA:51,4
DA:53,8
LF:22
LH:22
end_of_record
SF:lib\shared\widgets\title_pages_widget.dart
DA:7,5
DA:9,5
DA:11,5
DA:12,5
DA:14,20
DA:15,10
LF:6
LH:6
end_of_record
SF:lib\app\modules\user\delete-user\delete_user_module.dart
DA:10,1
DA:11,2
DA:13,1
DA:14,1
DA:15,1
DA:16,0
DA:17,1
DA:18,3
DA:20,0
DA:21,0
DA:22,0
DA:23,0
DA:24,0
LF:13
LH:7
end_of_record
SF:lib\app\modules\user\delete-user\presenter\ui\pages\delete_user_page.dart
DA:18,17
DA:20,1
DA:22,2
DA:23,1
DA:25,1
DA:26,1
DA:28,1
DA:29,1
DA:31,2
DA:32,4
DA:33,1
DA:38,1
DA:39,1
DA:41,1
DA:42,1
DA:44,4
DA:45,4
DA:46,1
DA:51,1
DA:52,1
DA:53,1
DA:54,2
DA:55,1
DA:57,1
DA:58,1
DA:60,2
DA:63,1
DA:64,1
DA:66,3
DA:67,2
DA:68,1
DA:70,1
DA:71,2
DA:72,1
DA:73,2
DA:78,2
DA:79,1
DA:81,1
DA:82,1
DA:83,1
DA:84,2
DA:85,2
DA:86,0
DA:87,0
DA:88,1
DA:91,1
DA:93,1
DA:94,0
DA:95,0
DA:96,0
DA:99,2
DA:100,0
DA:101,0
DA:103,1
DA:104,2
DA:105,1
DA:106,1
DA:107,1
DA:108,2
LF:59
LH:52
end_of_record
SF:lib\app\modules\user\get-user\get_user_module.dart
DA:10,1
DA:11,2
DA:13,1
DA:14,1
DA:15,1
DA:16,4
DA:18,0
DA:19,0
DA:20,0
DA:21,0
DA:22,0
LF:11
LH:6
end_of_record
SF:lib\app\modules\user\get-user\presenter\controller\get_user_controller.g.dart
DA:12,2
DA:13,4
DA:15,2
DA:17,4
DA:18,2
DA:21,2
DA:23,8
DA:24,2
DA:28,2
DA:29,4
DA:31,2
DA:33,4
DA:34,2
DA:37,2
DA:39,8
DA:40,2
DA:44,2
DA:45,4
DA:47,2
DA:49,8
DA:52,2
DA:53,4
DA:55,2
DA:57,4
DA:60,2
DA:62,4
DA:66,2
DA:68,4
DA:71,2
DA:73,4
DA:77,1
DA:79,2
DA:82,1
DA:84,2
DA:88,0
DA:91,0
DA:92,0
DA:93,0
LF:38
LH:34
end_of_record
SF:lib\app\modules\user\get-user\presenter\controller\get_user_controller.dart
DA:14,2
DA:16,2
DA:18,2
DA:19,6
DA:20,2
DA:21,10
DA:30,2
DA:31,2
DA:33,2
DA:34,2
DA:36,1
DA:38,1
DA:39,2
DA:40,1
DA:41,0
LF:15
LH:14
end_of_record
SF:lib\app\modules\user\get-user\presenter\ui\pages\get_user_page.dart
DA:17,17
DA:19,1
DA:21,2
DA:22,1
DA:24,1
DA:25,1
DA:27,1
DA:28,1
DA:30,2
DA:31,4
DA:32,1
DA:37,1
DA:38,1
DA:40,1
DA:41,1
DA:43,1
DA:44,1
DA:45,3
DA:46,4
DA:47,1
DA:49,3
DA:50,4
DA:51,1
DA:53,4
DA:54,4
DA:55,1
DA:62,1
DA:63,1
DA:64,1
DA:65,2
DA:66,1
DA:68,1
DA:69,1
DA:71,2
DA:74,1
DA:75,1
DA:77,3
DA:78,2
DA:79,1
DA:81,1
DA:82,1
DA:83,1
DA:84,2
DA:85,2
DA:86,0
DA:87,0
DA:88,1
DA:91,1
DA:93,1
DA:94,0
DA:95,0
DA:96,0
DA:99,2
DA:100,0
DA:101,0
DA:103,1
DA:104,2
DA:105,1
DA:106,1
DA:107,1
DA:108,2
DA:115,1
DA:117,2
DA:118,1
DA:120,1
DA:121,2
DA:122,1
DA:123,2
LF:68
LH:61
end_of_record
SF:lib\shared\domain\usecases\get_user_usecase.dart
DA:14,1
DA:16,1
DA:18,2
LF:3
LH:3
end_of_record
SF:lib\app\modules\user\get-user\presenter\ui\states\get_user_state.dart
DA:7,17
DA:11,17
DA:16,2
DA:21,2
LF:4
LH:4
end_of_record
SF:lib\app\modules\user\home\presenter\ui\pages\home_page.dart
DA:11,17
DA:13,1
DA:15,1
DA:16,1
DA:17,1
DA:18,2
DA:19,1
DA:21,1
DA:22,1
DA:24,2
DA:27,1
DA:29,1
DA:31,3
DA:33,1
DA:34,2
DA:36,4
DA:37,2
DA:43,1
DA:48,1
DA:49,1
DA:50,0
DA:51,0
DA:54,1
DA:55,0
DA:56,0
DA:59,1
DA:60,0
DA:61,0
DA:64,1
DA:65,0
DA:66,0
LF:31
LH:23
end_of_record
SF:lib\app\modules\user\home\presenter\ui\widgets\home_button_widget.dart
DA:8,1
DA:11,1
DA:13,1
DA:14,2
DA:17,1
DA:18,1
DA:21,1
DA:22,1
DA:23,1
DA:25,4
DA:27,2
LF:11
LH:11
end_of_record
SF:lib\app\modules\user\update-user\presenter\controller\update_user_controller.g.dart
DA:12,2
DA:13,4
DA:15,2
DA:17,4
DA:18,2
DA:21,2
DA:23,8
DA:24,2
DA:28,2
DA:29,4
DA:31,2
DA:33,4
DA:34,2
DA:37,2
DA:39,8
DA:40,2
DA:44,2
DA:45,4
DA:47,2
DA:49,4
DA:50,2
DA:53,2
DA:55,8
DA:56,2
DA:60,2
DA:61,4
DA:63,2
DA:65,4
DA:66,2
DA:69,2
DA:71,8
DA:72,2
DA:76,2
DA:77,4
DA:79,2
DA:81,8
DA:84,2
DA:85,4
DA:87,2
DA:89,4
DA:92,2
DA:94,4
DA:98,2
DA:100,4
DA:103,2
DA:105,4
DA:109,2
DA:111,4
DA:114,2
DA:116,4
DA:120,2
DA:122,4
DA:125,2
DA:127,4
DA:131,1
DA:133,2
DA:136,1
DA:138,2
DA:142,1
DA:144,2
DA:147,1
DA:149,2
DA:153,0
DA:155,0
DA:158,0
DA:160,0
DA:164,0
DA:167,0
DA:168,0
DA:169,0
DA:170,0
DA:171,0
LF:72
LH:62
end_of_record
SF:lib\app\modules\user\update-user\presenter\controller\update_user_controller.dart
DA:15,2
DA:29,2
DA:30,2
DA:32,2
DA:33,2
DA:35,2
DA:36,2
DA:38,2
DA:39,2
DA:41,2
DA:43,2
DA:44,10
DA:45,2
DA:46,10
DA:49,1
DA:51,1
DA:52,2
DA:57,1
DA:59,1
DA:60,2
DA:61,1
DA:62,2
DA:67,0
DA:69,0
DA:70,0
DA:71,0
DA:72,0
LF:27
LH:22
end_of_record
SF:lib\shared\domain\usecases\update_user_usecase.dart
DA:16,1
DA:18,1
DA:20,1
DA:26,2
LF:4
LH:4
end_of_record
SF:lib\app\modules\user\update-user\presenter\ui\states\update_user_state.dart
DA:7,17
DA:11,16
DA:16,2
DA:21,2
LF:4
LH:4
end_of_record
SF:lib\app\modules\user\update-user\presenter\ui\pages\update_user_page.dart
DA:18,17
DA:20,1
DA:22,2
DA:23,1
DA:24,1
DA:25,1
DA:27,1
DA:28,1
DA:30,2
DA:31,4
DA:32,1
DA:37,1
DA:38,1
DA:40,1
DA:41,1
DA:43,4
DA:44,4
DA:45,1
DA:50,1
DA:51,1
DA:52,1
DA:53,2
DA:54,1
DA:56,1
DA:57,1
DA:59,2
DA:62,1
DA:63,1
DA:64,1
DA:66,3
DA:67,2
DA:68,1
DA:70,1
DA:71,1
DA:72,1
DA:73,2
DA:74,2
DA:75,0
DA:76,0
DA:78,1
DA:80,1
DA:81,2
DA:82,2
DA:83,1
DA:84,1
DA:86,1
DA:87,2
DA:88,2
DA:89,1
DA:90,1
DA:93,1
DA:95,1
DA:96,0
DA:97,0
DA:98,0
DA:101,2
DA:102,0
DA:103,0
DA:105,1
DA:106,2
DA:107,1
DA:108,1
DA:109,1
DA:110,2
DA:117,1
DA:119,2
DA:120,1
DA:122,1
DA:123,2
DA:124,1
DA:125,2
LF:71
LH:64
end_of_record
SF:lib\app\modules\user\update-user\update_user_module.dart
DA:10,1
DA:11,2
DA:13,1
DA:14,1
DA:15,1
DA:16,0
DA:17,1
DA:18,3
DA:20,0
DA:21,0
DA:22,0
DA:23,0
DA:24,0
LF:13
LH:7
end_of_record
SF:lib\shared\datasource\external\http\user_datasource.dart
DA:8,1
DA:10,1
DA:12,2
DA:14,1
DA:19,2
DA:20,2
DA:22,1
DA:26,1
DA:28,3
DA:30,2
DA:31,2
DA:33,1
DA:37,0
DA:39,0
DA:41,0
DA:44,0
DA:45,0
DA:47,0
DA:51,1
DA:53,2
DA:55,1
DA:58,2
DA:59,2
DA:61,1
LF:24
LH:18
end_of_record
SF:lib\shared\environment\environment_config.dart
DA:21,0
DA:22,0
DA:23,0
DA:24,0
DA:25,0
DA:27,0
DA:29,0
DA:30,0
DA:31,0
DA:32,0
DA:33,0
DA:34,0
DA:39,0
DA:44,0
DA:45,0
LF:15
LH:0
end_of_record
SF:lib\shared\helpers\services\dio_http_request.dart
DA:8,1
DA:12,1
DA:14,2
DA:17,1
DA:19,2
DA:22,1
DA:24,2
DA:27,0
DA:29,0
DA:30,0
LF:10
LH:7
end_of_record
SF:lib\shared\helpers\services\dio_options.dart
DA:4,0
LF:1
LH:0
end_of_record
SF:lib\shared\infra\storage\user_local_storage.dart
DA:9,1
DA:11,1
DA:12,2
DA:13,3
DA:16,1
DA:18,4
DA:19,1
DA:20,1
DA:21,1
DA:22,2
DA:26,1
DA:28,2
DA:30,1
DA:31,1
DA:32,1
DA:33,1
DA:35,5
DA:41,1
DA:43,2
DA:46,1
DA:48,3
DA:49,4
DA:50,1
DA:51,1
DA:52,1
DA:53,2
LF:26
LH:26
end_of_record
SF:lib\shared\infra\repositories\user_repository_mock.dart
DA:12,1
DA:13,2
DA:14,1
DA:20,1
DA:29,1
DA:31,2
DA:32,1
DA:35,1
DA:37,3
DA:38,4
DA:39,2
DA:40,3
DA:43,0
DA:46,1
DA:48,2
DA:49,2
DA:50,1
DA:53,0
DA:56,1
DA:58,2
DA:59,3
DA:61,1
DA:64,0
LF:23
LH:20
end_of_record
SF:lib\shared\infra\repositories\user_repository_http.dart
DA:16,1
DA:18,1
DA:22,2
DA:23,1
DA:25,3
DA:26,3
DA:30,2
DA:31,1
DA:34,1
DA:38,3
DA:39,1
DA:41,3
DA:42,3
DA:46,3
DA:47,1
DA:50,1
DA:54,2
DA:55,3
DA:56,1
DA:58,3
DA:59,3
DA:63,1
DA:66,1
DA:70,2
DA:71,1
DA:73,3
DA:74,3
DA:78,2
DA:79,1
LF:29
LH:29
end_of_record
SF:lib\shared\helpers\enums\http_status_code_enum.dart
DA:22,0
DA:24,0
DA:26,0
DA:28,0
DA:30,0
DA:32,0
DA:34,0
DA:36,0
DA:38,0
DA:40,0
DA:42,0
DA:44,0
DA:46,0
DA:48,0
DA:50,0
DA:52,0
DA:57,1
DA:60,1
DA:62,1
DA:64,1
DA:66,1
DA:68,1
DA:70,0
DA:72,0
DA:74,0
DA:76,0
DA:78,0
DA:80,0
DA:82,0
DA:84,0
DA:86,0
DA:88,0
LF:32
LH:6
end_of_record
SF:lib\shared\helpers\functions\get_http_status_function.dart
DA:3,1
DA:5,1
DA:7,1
DA:9,1
DA:11,0
DA:13,0
DA:15,0
DA:17,0
DA:19,0
DA:21,0
DA:23,0
DA:25,0
DA:27,0
LF:13
LH:4
end_of_record
SF:lib\shared\infra\storage\local_storage.dart
DA:7,1
DA:9,1
DA:10,2
DA:11,3
DA:14,1
DA:16,2
DA:19,1
DA:21,2
LF:8
LH:8
end_of_record
